2024-01-08 10:40:41,366 INFO STARTED.
2024-01-08 10:40:43,825 INFO Downloading RGB image: Slide 1 of 30 (TCGA-E2-A1LL)
2024-01-08 10:41:35,985 INFO Downloading mask: Slide 1 of 30 (TCGA-E2-A1LL)
2024-01-08 10:41:38,886 INFO Downloading RGB image: Slide 2 of 30 (TCGA-E2-A1LS)
2024-01-08 10:41:57,988 INFO Downloading mask: Slide 2 of 30 (TCGA-E2-A1LS)
2024-01-08 10:41:59,679 INFO Downloading RGB image: Slide 3 of 30 (TCGA-E2-A573)
2024-01-08 10:42:24,158 INFO Downloading mask: Slide 3 of 30 (TCGA-E2-A573)
2024-01-08 10:42:26,428 INFO Downloading RGB image: Slide 4 of 30 (TCGA-E2-A574)
2024-01-08 10:43:17,724 INFO Downloading mask: Slide 4 of 30 (TCGA-E2-A574)
2024-01-08 10:43:21,450 INFO Downloading RGB image: Slide 5 of 30 (TCGA-E9-A5FL)
2024-01-08 10:45:17,421 INFO Downloading mask: Slide 5 of 30 (TCGA-E9-A5FL)
2024-01-08 10:45:22,850 INFO Downloading RGB image: Slide 6 of 30 (TCGA-EW-A1OW)
2024-01-08 10:46:58,078 INFO Downloading mask: Slide 6 of 30 (TCGA-EW-A1OW)
2024-01-08 10:47:05,920 INFO Downloading RGB image: Slide 7 of 30 (TCGA-EW-A1P1)
2024-01-08 10:47:38,273 INFO Downloading mask: Slide 7 of 30 (TCGA-EW-A1P1)
2024-01-08 10:47:41,585 INFO Downloading RGB image: Slide 8 of 30 (TCGA-EW-A1P4)
2024-01-08 10:48:08,847 INFO Downloading mask: Slide 8 of 30 (TCGA-EW-A1P4)
2024-01-08 10:48:12,116 INFO Downloading RGB image: Slide 9 of 30 (TCGA-EW-A1P8)
2024-01-08 10:48:38,554 INFO Downloading mask: Slide 9 of 30 (TCGA-EW-A1P8)
2024-01-08 10:48:41,829 INFO Downloading RGB image: Slide 10 of 30 (TCGA-EW-A1PB)
2024-01-08 10:49:07,839 INFO Downloading mask: Slide 10 of 30 (TCGA-EW-A1PB)
2024-01-08 10:49:11,244 INFO Downloading RGB image: Slide 11 of 30 (TCGA-EW-A1PH)
2024-01-08 10:51:52,358 INFO Downloading mask: Slide 11 of 30 (TCGA-EW-A1PH)
2024-01-08 10:51:59,105 INFO Downloading RGB image: Slide 12 of 30 (TCGA-EW-A3U0)
2024-01-08 10:52:14,612 INFO Downloading mask: Slide 12 of 30 (TCGA-EW-A3U0)
2024-01-08 10:52:15,945 INFO Downloading RGB image: Slide 13 of 30 (TCGA-EW-A6SB)
2024-01-08 10:53:23,423 INFO Downloading mask: Slide 13 of 30 (TCGA-EW-A6SB)
2024-01-08 10:53:30,089 INFO Downloading RGB image: Slide 14 of 30 (TCGA-GI-A2C9)
2024-01-08 10:53:47,688 INFO Downloading mask: Slide 14 of 30 (TCGA-GI-A2C9)
2024-01-08 10:53:49,800 INFO Downloading RGB image: Slide 15 of 30 (TCGA-GM-A2DB)
2024-01-08 10:56:30,675 INFO Downloading mask: Slide 15 of 30 (TCGA-GM-A2DB)
2024-01-08 10:56:40,513 INFO Downloading RGB image: Slide 16 of 30 (TCGA-GM-A2DD)
2024-01-08 10:57:48,789 INFO Downloading mask: Slide 16 of 30 (TCGA-GM-A2DD)
2024-01-08 10:57:53,793 INFO Downloading RGB image: Slide 17 of 30 (TCGA-GM-A2DF)
2024-01-08 10:58:40,400 INFO Downloading mask: Slide 17 of 30 (TCGA-GM-A2DF)
2024-01-08 10:58:44,161 INFO Downloading RGB image: Slide 18 of 30 (TCGA-GM-A2DH)
2024-01-08 10:59:26,554 INFO Downloading mask: Slide 18 of 30 (TCGA-GM-A2DH)
2024-01-08 10:59:29,708 INFO Downloading RGB image: Slide 19 of 30 (TCGA-GM-A2DI)
2024-01-08 10:59:39,688 INFO Downloading mask: Slide 19 of 30 (TCGA-GM-A2DI)
2024-01-08 10:59:40,822 INFO Downloading RGB image: Slide 20 of 30 (TCGA-HN-A2NL)
2024-01-08 10:59:55,242 INFO Downloading mask: Slide 20 of 30 (TCGA-HN-A2NL)
2024-01-08 10:59:56,151 INFO Downloading RGB image: Slide 21 of 30 (TCGA-LL-A441)
2024-01-08 11:00:41,543 INFO Downloading mask: Slide 21 of 30 (TCGA-LL-A441)
2024-01-08 11:00:43,789 INFO Downloading RGB image: Slide 22 of 30 (TCGA-LL-A5YO)
2024-01-08 11:00:59,806 INFO Downloading mask: Slide 22 of 30 (TCGA-LL-A5YO)
2024-01-08 11:01:02,000 INFO Downloading RGB image: Slide 23 of 30 (TCGA-LL-A73Y)
2024-01-08 11:01:12,576 INFO Downloading mask: Slide 23 of 30 (TCGA-LL-A73Y)
2024-01-08 11:01:13,816 INFO Downloading RGB image: Slide 24 of 30 (TCGA-LL-A740)
2024-01-08 11:01:33,756 INFO Downloading mask: Slide 24 of 30 (TCGA-LL-A740)
2024-01-08 11:01:35,604 INFO Downloading RGB image: Slide 25 of 30 (TCGA-OL-A5D6)
2024-01-08 11:01:53,964 INFO Downloading mask: Slide 25 of 30 (TCGA-OL-A5D6)
2024-01-08 11:01:55,570 INFO Downloading RGB image: Slide 26 of 30 (TCGA-OL-A5D7)
2024-01-08 11:03:26,392 INFO Downloading mask: Slide 26 of 30 (TCGA-OL-A5D7)
2024-01-08 11:03:33,149 INFO Downloading RGB image: Slide 27 of 30 (TCGA-OL-A5RW)
2024-01-08 11:03:44,437 INFO Downloading mask: Slide 27 of 30 (TCGA-OL-A5RW)
2024-01-08 11:03:45,687 INFO Downloading RGB image: Slide 28 of 30 (TCGA-OL-A66P)
